\BOOKMARK [1][-]{section.1}{Einleitung}{}% 1
\BOOKMARK [1][-]{section.2}{Material und Methoden}{}% 2
\BOOKMARK [2][-]{subsection.2.1}{Daten}{section.2}% 3
\BOOKMARK [3][-]{subsubsection.2.1.1}{Parametrisierungsstichprobe}{subsection.2.1}% 4
\BOOKMARK [3][-]{subsubsection.2.1.2}{B\374rgerumfrage}{subsection.2.1}% 5
\BOOKMARK [3][-]{subsubsection.2.1.3}{Zensus}{subsection.2.1}% 6
\BOOKMARK [2][-]{subsection.2.2}{Statistische Methoden}{section.2}% 7
\BOOKMARK [3][-]{subsubsection.2.2.1}{Modell}{subsection.2.2}% 8
\BOOKMARK [3][-]{subsubsection.2.2.2}{Modellwahl}{subsection.2.2}% 9
\BOOKMARK [3][-]{subsubsection.2.2.3}{Konfidenzb\344nder}{subsection.2.2}% 10
\BOOKMARK [3][-]{subsubsection.2.2.4}{Kreuzvalidierung}{subsection.2.2}% 11
\BOOKMARK [3][-]{subsubsection.2.2.5}{Validierung}{subsection.2.2}% 12
\BOOKMARK [1][-]{section.3}{Ergebnisse}{}% 13
\BOOKMARK [2][-]{subsection.3.1}{Modellwahl}{section.3}% 14
\BOOKMARK [2][-]{subsection.3.2}{Modell}{section.3}% 15
\BOOKMARK [2][-]{subsection.3.3}{Reklassifizierung}{section.3}% 16
\BOOKMARK [2][-]{subsection.3.4}{Kreuzvalidierung}{section.3}% 17
\BOOKMARK [2][-]{subsection.3.5}{Validierung}{section.3}% 18
\BOOKMARK [2][-]{subsection.3.6}{Extrapolation}{section.3}% 19
\BOOKMARK [1][-]{section.4}{Diskussion}{}% 20
\BOOKMARK [1][-]{section.5}{Fazit}{}% 21
\BOOKMARK [1][-]{section.5}{Literatur}{}% 22
\BOOKMARK [1][-]{section.5}{Anhang}{}% 23
