This is pdfTeX, Version 3.1415926-2.5-1.40.14 (TeX Live 2013/Debian) (format=pdflatex 2015.6.9)  28 SEP 2016 13:29
entering extended mode
 restricted \write18 enabled.
 %&-line parsing enabled.
**HAs.tex
(./HAs.tex
LaTeX2e <2011/06/27>
Babel <3.9h> and hyphenation patterns for 7 languages loaded.
(./Vorlage.cls
Document Class: Vorlage 
(/usr/share/texlive/texmf-dist/tex/latex/base/article.cls
Document Class: article 2007/10/19 v1.4h Standard LaTeX document class
(/usr/share/texlive/texmf-dist/tex/latex/base/size11.clo
File: size11.clo 2007/10/19 v1.4h Standard LaTeX file (size option)
)
\c@part=\count79
\c@section=\count80
\c@subsection=\count81
\c@subsubsection=\count82
\c@paragraph=\count83
\c@subparagraph=\count84
\c@figure=\count85
\c@table=\count86
\abovecaptionskip=\skip41
\belowcaptionskip=\skip42
\bibindent=\dimen102
)
(/usr/share/texlive/texmf-dist/tex/latex/base/inputenc.sty
Package: inputenc 2008/03/30 v1.1d Input encoding file
\inpenc@prehook=\toks14
\inpenc@posthook=\toks15

(/usr/share/texlive/texmf-dist/tex/latex/base/utf8.def
File: utf8.def 2008/04/05 v1.1m UTF-8 support for inputenc
Now handling font encoding OML ...
... no UTF-8 mapping file for font encoding OML
Now handling font encoding T1 ...
... processing UTF-8 mapping file for font encoding T1

(/usr/share/texlive/texmf-dist/tex/latex/base/t1enc.dfu
File: t1enc.dfu 2008/04/05 v1.1m UTF-8 support for inputenc
   defining Unicode char U+00A1 (decimal 161)
   defining Unicode char U+00A3 (decimal 163)
   defining Unicode char U+00AB (decimal 171)
   defining Unicode char U+00BB (decimal 187)
   defining Unicode char U+00BF (decimal 191)
   defining Unicode char U+00C0 (decimal 192)
   defining Unicode char U+00C1 (decimal 193)
   defining Unicode char U+00C2 (decimal 194)
   defining Unicode char U+00C3 (decimal 195)
   defining Unicode char U+00C4 (decimal 196)
   defining Unicode char U+00C5 (decimal 197)
   defining Unicode char U+00C6 (decimal 198)
   defining Unicode char U+00C7 (decimal 199)
   defining Unicode char U+00C8 (decimal 200)
   defining Unicode char U+00C9 (decimal 201)
   defining Unicode char U+00CA (decimal 202)
   defining Unicode char U+00CB (decimal 203)
   defining Unicode char U+00CC (decimal 204)
   defining Unicode char U+00CD (decimal 205)
   defining Unicode char U+00CE (decimal 206)
   defining Unicode char U+00CF (decimal 207)
   defining Unicode char U+00D0 (decimal 208)
   defining Unicode char U+00D1 (decimal 209)
   defining Unicode char U+00D2 (decimal 210)
   defining Unicode char U+00D3 (decimal 211)
   defining Unicode char U+00D4 (decimal 212)
   defining Unicode char U+00D5 (decimal 213)
   defining Unicode char U+00D6 (decimal 214)
   defining Unicode char U+00D8 (decimal 216)
   defining Unicode char U+00D9 (decimal 217)
   defining Unicode char U+00DA (decimal 218)
   defining Unicode char U+00DB (decimal 219)
   defining Unicode char U+00DC (decimal 220)
   defining Unicode char U+00DD (decimal 221)
   defining Unicode char U+00DE (decimal 222)
   defining Unicode char U+00DF (decimal 223)
   defining Unicode char U+00E0 (decimal 224)
   defining Unicode char U+00E1 (decimal 225)
   defining Unicode char U+00E2 (decimal 226)
   defining Unicode char U+00E3 (decimal 227)
   defining Unicode char U+00E4 (decimal 228)
   defining Unicode char U+00E5 (decimal 229)
   defining Unicode char U+00E6 (decimal 230)
   defining Unicode char U+00E7 (decimal 231)
   defining Unicode char U+00E8 (decimal 232)
   defining Unicode char U+00E9 (decimal 233)
   defining Unicode char U+00EA (decimal 234)
   defining Unicode char U+00EB (decimal 235)
   defining Unicode char U+00EC (decimal 236)
   defining Unicode char U+00ED (decimal 237)
   defining Unicode char U+00EE (decimal 238)
   defining Unicode char U+00EF (decimal 239)
   defining Unicode char U+00F0 (decimal 240)
   defining Unicode char U+00F1 (decimal 241)
   defining Unicode char U+00F2 (decimal 242)
   defining Unicode char U+00F3 (decimal 243)
   defining Unicode char U+00F4 (decimal 244)
   defining Unicode char U+00F5 (decimal 245)
   defining Unicode char U+00F6 (decimal 246)
   defining Unicode char U+00F8 (decimal 248)
   defining Unicode char U+00F9 (decimal 249)
   defining Unicode char U+00FA (decimal 250)
   defining Unicode char U+00FB (decimal 251)
   defining Unicode char U+00FC (decimal 252)
   defining Unicode char U+00FD (decimal 253)
   defining Unicode char U+00FE (decimal 254)
   defining Unicode char U+00FF (decimal 255)
   defining Unicode char U+0102 (decimal 258)
   defining Unicode char U+0103 (decimal 259)
   defining Unicode char U+0104 (decimal 260)
   defining Unicode char U+0105 (decimal 261)
   defining Unicode char U+0106 (decimal 262)
   defining Unicode char U+0107 (decimal 263)
   defining Unicode char U+010C (decimal 268)
   defining Unicode char U+010D (decimal 269)
   defining Unicode char U+010E (decimal 270)
   defining Unicode char U+010F (decimal 271)
   defining Unicode char U+0110 (decimal 272)
   defining Unicode char U+0111 (decimal 273)
   defining Unicode char U+0118 (decimal 280)
   defining Unicode char U+0119 (decimal 281)
   defining Unicode char U+011A (decimal 282)
   defining Unicode char U+011B (decimal 283)
   defining Unicode char U+011E (decimal 286)
   defining Unicode char U+011F (decimal 287)
   defining Unicode char U+0130 (decimal 304)
   defining Unicode char U+0131 (decimal 305)
   defining Unicode char U+0132 (decimal 306)
   defining Unicode char U+0133 (decimal 307)
   defining Unicode char U+0139 (decimal 313)
   defining Unicode char U+013A (decimal 314)
   defining Unicode char U+013D (decimal 317)
   defining Unicode char U+013E (decimal 318)
   defining Unicode char U+0141 (decimal 321)
   defining Unicode char U+0142 (decimal 322)
   defining Unicode char U+0143 (decimal 323)
   defining Unicode char U+0144 (decimal 324)
   defining Unicode char U+0147 (decimal 327)
   defining Unicode char U+0148 (decimal 328)
   defining Unicode char U+014A (decimal 330)
   defining Unicode char U+014B (decimal 331)
   defining Unicode char U+0150 (decimal 336)
   defining Unicode char U+0151 (decimal 337)
   defining Unicode char U+0152 (decimal 338)
   defining Unicode char U+0153 (decimal 339)
   defining Unicode char U+0154 (decimal 340)
   defining Unicode char U+0155 (decimal 341)
   defining Unicode char U+0158 (decimal 344)
   defining Unicode char U+0159 (decimal 345)
   defining Unicode char U+015A (decimal 346)
   defining Unicode char U+015B (decimal 347)
   defining Unicode char U+015E (decimal 350)
   defining Unicode char U+015F (decimal 351)
   defining Unicode char U+0160 (decimal 352)
   defining Unicode char U+0161 (decimal 353)
   defining Unicode char U+0162 (decimal 354)
   defining Unicode char U+0163 (decimal 355)
   defining Unicode char U+0164 (decimal 356)
   defining Unicode char U+0165 (decimal 357)
   defining Unicode char U+016E (decimal 366)
   defining Unicode char U+016F (decimal 367)
   defining Unicode char U+0170 (decimal 368)
   defining Unicode char U+0171 (decimal 369)
   defining Unicode char U+0178 (decimal 376)
   defining Unicode char U+0179 (decimal 377)
   defining Unicode char U+017A (decimal 378)
   defining Unicode char U+017B (decimal 379)
   defining Unicode char U+017C (decimal 380)
   defining Unicode char U+017D (decimal 381)
   defining Unicode char U+017E (decimal 382)
   defining Unicode char U+200C (decimal 8204)
   defining Unicode char U+2013 (decimal 8211)
   defining Unicode char U+2014 (decimal 8212)
   defining Unicode char U+2018 (decimal 8216)
   defining Unicode char U+2019 (decimal 8217)
   defining Unicode char U+201A (decimal 8218)
   defining Unicode char U+201C (decimal 8220)
   defining Unicode char U+201D (decimal 8221)
   defining Unicode char U+201E (decimal 8222)
   defining Unicode char U+2030 (decimal 8240)
   defining Unicode char U+2031 (decimal 8241)
   defining Unicode char U+2039 (decimal 8249)
   defining Unicode char U+203A (decimal 8250)
   defining Unicode char U+2423 (decimal 9251)
)
Now handling font encoding OT1 ...
... processing UTF-8 mapping file for font encoding OT1

(/usr/share/texlive/texmf-dist/tex/latex/base/ot1enc.dfu
File: ot1enc.dfu 2008/04/05 v1.1m UTF-8 support for inputenc
   defining Unicode char U+00A1 (decimal 161)
   defining Unicode char U+00A3 (decimal 163)
   defining Unicode char U+00B8 (decimal 184)
   defining Unicode char U+00BF (decimal 191)
   defining Unicode char U+00C5 (decimal 197)
   defining Unicode char U+00C6 (decimal 198)
   defining Unicode char U+00D8 (decimal 216)
   defining Unicode char U+00DF (decimal 223)
   defining Unicode char U+00E6 (decimal 230)
   defining Unicode char U+00EC (decimal 236)
   defining Unicode char U+00ED (decimal 237)
   defining Unicode char U+00EE (decimal 238)
   defining Unicode char U+00EF (decimal 239)
   defining Unicode char U+00F8 (decimal 248)
   defining Unicode char U+0131 (decimal 305)
   defining Unicode char U+0141 (decimal 321)
   defining Unicode char U+0142 (decimal 322)
   defining Unicode char U+0152 (decimal 338)
   defining Unicode char U+0153 (decimal 339)
   defining Unicode char U+2013 (decimal 8211)
   defining Unicode char U+2014 (decimal 8212)
   defining Unicode char U+2018 (decimal 8216)
   defining Unicode char U+2019 (decimal 8217)
   defining Unicode char U+201C (decimal 8220)
   defining Unicode char U+201D (decimal 8221)
)
Now handling font encoding OMS ...
... processing UTF-8 mapping file for font encoding OMS

(/usr/share/texlive/texmf-dist/tex/latex/base/omsenc.dfu
File: omsenc.dfu 2008/04/05 v1.1m UTF-8 support for inputenc
   defining Unicode char U+00A7 (decimal 167)
   defining Unicode char U+00B6 (decimal 182)
   defining Unicode char U+00B7 (decimal 183)
   defining Unicode char U+2020 (decimal 8224)
   defining Unicode char U+2021 (decimal 8225)
   defining Unicode char U+2022 (decimal 8226)
)
Now handling font encoding OMX ...
... no UTF-8 mapping file for font encoding OMX
Now handling font encoding U ...
... no UTF-8 mapping file for font encoding U
   defining Unicode char U+00A9 (decimal 169)
   defining Unicode char U+00AA (decimal 170)
   defining Unicode char U+00AE (decimal 174)
   defining Unicode char U+00BA (decimal 186)
   defining Unicode char U+02C6 (decimal 710)
   defining Unicode char U+02DC (decimal 732)
   defining Unicode char U+200C (decimal 8204)
   defining Unicode char U+2026 (decimal 8230)
   defining Unicode char U+2122 (decimal 8482)
   defining Unicode char U+2423 (decimal 9251)
))
(/usr/share/texlive/texmf-dist/tex/generic/babel/babel.sty
Package: babel 2013/12/03 3.9h The Babel package

(/usr/share/texlive/texmf-dist/tex/generic/babel-german/ngermanb.ldf
Language: ngermanb 2013/12/13 v2.7 German support for babel (new orthography)

(/usr/share/texlive/texmf-dist/tex/generic/babel/babel.def
File: babel.def 2013/12/03 3.9h Babel common definitions
\babel@savecnt=\count87
\U@D=\dimen103
)
\l@naustrian = a dialect from \language\l@ngerman 
\l@nswissgerman = a dialect from \language\l@ngerman 
Package babel Info: Making " an active character on input line 88.
))
(/usr/share/texlive/texmf-dist/tex/latex/graphics/graphicx.sty
Package: graphicx 1999/02/16 v1.0f Enhanced LaTeX Graphics (DPC,SPQR)

(/usr/share/texlive/texmf-dist/tex/latex/graphics/keyval.sty
Package: keyval 1999/03/16 v1.13 key=value parser (DPC)
\KV@toks@=\toks16
)
(/usr/share/texlive/texmf-dist/tex/latex/graphics/graphics.sty
Package: graphics 2009/02/05 v1.0o Standard LaTeX Graphics (DPC,SPQR)

(/usr/share/texlive/texmf-dist/tex/latex/graphics/trig.sty
Package: trig 1999/03/16 v1.09 sin cos tan (DPC)
)
(/usr/share/texlive/texmf-dist/tex/latex/latexconfig/graphics.cfg
File: graphics.cfg 2010/04/23 v1.9 graphics configuration of TeX Live
)
Package graphics Info: Driver file: pdftex.def on input line 91.

(/usr/share/texlive/texmf-dist/tex/latex/pdftex-def/pdftex.def
File: pdftex.def 2011/05/27 v0.06d Graphics/color for pdfTeX

(/usr/share/texlive/texmf-dist/tex/generic/oberdiek/infwarerr.sty
Package: infwarerr 2010/04/08 v1.3 Providing info/warning/error messages (HO)
)
(/usr/share/texlive/texmf-dist/tex/generic/oberdiek/ltxcmds.sty
Package: ltxcmds 2011/11/09 v1.22 LaTeX kernel commands for general use (HO)
)
\Gread@gobject=\count88
))
\Gin@req@height=\dimen104
\Gin@req@width=\dimen105
)
(/usr/share/texlive/texmf-dist/tex/latex/graphics/color.sty
Package: color 2005/11/14 v1.0j Standard LaTeX Color (DPC)

(/usr/share/texlive/texmf-dist/tex/latex/latexconfig/color.cfg
File: color.cfg 2007/01/18 v1.5 color configuration of teTeX/TeXLive
)
Package color Info: Driver file: pdftex.def on input line 130.
)
(/usr/share/texlive/texmf-dist/tex/latex/url/url.sty
\Urlmuskip=\muskip10
Package: url 2013/09/16  ver 3.4  Verb mode for urls, etc.
)
(/usr/share/texlive/texmf-dist/tex/latex/setspace/setspace.sty
Package: setspace 2011/12/19 v6.7a set line spacing
)
(/usr/share/texmf/tex/latex/pgf/frontendlayer/tikz.sty
(/usr/share/texmf/tex/latex/pgf/basiclayer/pgf.sty
(/usr/share/texmf/tex/latex/pgf/utilities/pgfrcs.sty
(/usr/share/texmf/tex/generic/pgf/utilities/pgfutil-common.tex
\pgfutil@everybye=\toks17
)
(/usr/share/texmf/tex/generic/pgf/utilities/pgfutil-latex.def
\pgfutil@abb=\box26

(/usr/share/texlive/texmf-dist/tex/latex/ms/everyshi.sty
Package: everyshi 2001/05/15 v3.00 EveryShipout Package (MS)
))
(/usr/share/texmf/tex/generic/pgf/utilities/pgfrcs.code.tex
Package: pgfrcs 2010/10/25 v2.10 (rcs-revision 1.24)
))
Package: pgf 2008/01/15 v2.10 (rcs-revision 1.12)

(/usr/share/texmf/tex/latex/pgf/basiclayer/pgfcore.sty
(/usr/share/texmf/tex/latex/pgf/systemlayer/pgfsys.sty
(/usr/share/texmf/tex/generic/pgf/systemlayer/pgfsys.code.tex
Package: pgfsys 2010/06/30 v2.10 (rcs-revision 1.37)

(/usr/share/texmf/tex/generic/pgf/utilities/pgfkeys.code.tex
\pgfkeys@pathtoks=\toks18
\pgfkeys@temptoks=\toks19

(/usr/share/texmf/tex/generic/pgf/utilities/pgfkeysfiltered.code.tex
\pgfkeys@tmptoks=\toks20
))
\pgf@x=\dimen106
\pgf@y=\dimen107
\pgf@xa=\dimen108
\pgf@ya=\dimen109
\pgf@xb=\dimen110
\pgf@yb=\dimen111
\pgf@xc=\dimen112
\pgf@yc=\dimen113
\w@pgf@writea=\write3
\r@pgf@reada=\read1
\c@pgf@counta=\count89
\c@pgf@countb=\count90
\c@pgf@countc=\count91
\c@pgf@countd=\count92

(/usr/share/texmf/tex/generic/pgf/systemlayer/pgf.cfg
File: pgf.cfg 2008/05/14  (rcs-revision 1.7)
)
Package pgfsys Info: Driver file for pgf: pgfsys-pdftex.def on input line 900.

(/usr/share/texmf/tex/generic/pgf/systemlayer/pgfsys-pdftex.def
File: pgfsys-pdftex.def 2009/05/22  (rcs-revision 1.26)

(/usr/share/texmf/tex/generic/pgf/systemlayer/pgfsys-common-pdf.def
File: pgfsys-common-pdf.def 2008/05/19  (rcs-revision 1.10)
)))
(/usr/share/texmf/tex/generic/pgf/systemlayer/pgfsyssoftpath.code.tex
File: pgfsyssoftpath.code.tex 2008/07/18  (rcs-revision 1.7)
\pgfsyssoftpath@smallbuffer@items=\count93
\pgfsyssoftpath@bigbuffer@items=\count94
)
(/usr/share/texmf/tex/generic/pgf/systemlayer/pgfsysprotocol.code.tex
File: pgfsysprotocol.code.tex 2006/10/16  (rcs-revision 1.4)
))
(/usr/share/texmf/tex/latex/xcolor/xcolor.sty
Package: xcolor 2007/01/21 v2.11 LaTeX color extensions (UK)

(/usr/share/texlive/texmf-dist/tex/latex/latexconfig/color.cfg
File: color.cfg 2007/01/18 v1.5 color configuration of teTeX/TeXLive
)
Package xcolor Info: Driver file: pdftex.def on input line 225.
LaTeX Info: Redefining \color on input line 702.
Package xcolor Info: Model `cmy' substituted by `cmy0' on input line 1337.
Package xcolor Info: Model `hsb' substituted by `rgb' on input line 1341.
Package xcolor Info: Model `RGB' extended on input line 1353.
Package xcolor Info: Model `HTML' substituted by `rgb' on input line 1355.
Package xcolor Info: Model `Hsb' substituted by `hsb' on input line 1356.
Package xcolor Info: Model `tHsb' substituted by `hsb' on input line 1357.
Package xcolor Info: Model `HSB' substituted by `hsb' on input line 1358.
Package xcolor Info: Model `Gray' substituted by `gray' on input line 1359.
Package xcolor Info: Model `wave' substituted by `hsb' on input line 1360.
)
(/usr/share/texmf/tex/generic/pgf/basiclayer/pgfcore.code.tex
Package: pgfcore 2010/04/11 v2.10 (rcs-revision 1.7)

(/usr/share/texmf/tex/generic/pgf/math/pgfmath.code.tex
(/usr/share/texmf/tex/generic/pgf/math/pgfmathcalc.code.tex
(/usr/share/texmf/tex/generic/pgf/math/pgfmathutil.code.tex)
(/usr/share/texmf/tex/generic/pgf/math/pgfmathparser.code.tex
\pgfmath@dimen=\dimen114
\pgfmath@count=\count95
\pgfmath@box=\box27
\pgfmath@toks=\toks21
\pgfmath@stack@operand=\toks22
\pgfmath@stack@operation=\toks23
)
(/usr/share/texmf/tex/generic/pgf/math/pgfmathfunctions.code.tex
(/usr/share/texmf/tex/generic/pgf/math/pgfmathfunctions.basic.code.tex)
(/usr/share/texmf/tex/generic/pgf/math/pgfmathfunctions.trigonometric.code.tex)
(/usr/share/texmf/tex/generic/pgf/math/pgfmathfunctions.random.code.tex)
(/usr/share/texmf/tex/generic/pgf/math/pgfmathfunctions.comparison.code.tex)
(/usr/share/texmf/tex/generic/pgf/math/pgfmathfunctions.base.code.tex)
(/usr/share/texmf/tex/generic/pgf/math/pgfmathfunctions.round.code.tex)
(/usr/share/texmf/tex/generic/pgf/math/pgfmathfunctions.misc.code.tex)))
(/usr/share/texmf/tex/generic/pgf/math/pgfmathfloat.code.tex
\c@pgfmathroundto@lastzeros=\count96
))
(/usr/share/texmf/tex/generic/pgf/basiclayer/pgfcorepoints.code.tex
File: pgfcorepoints.code.tex 2010/04/09  (rcs-revision 1.20)
\pgf@picminx=\dimen115
\pgf@picmaxx=\dimen116
\pgf@picminy=\dimen117
\pgf@picmaxy=\dimen118
\pgf@pathminx=\dimen119
\pgf@pathmaxx=\dimen120
\pgf@pathminy=\dimen121
\pgf@pathmaxy=\dimen122
\pgf@xx=\dimen123
\pgf@xy=\dimen124
\pgf@yx=\dimen125
\pgf@yy=\dimen126
\pgf@zx=\dimen127
\pgf@zy=\dimen128
)
(/usr/share/texmf/tex/generic/pgf/basiclayer/pgfcorepathconstruct.code.tex
File: pgfcorepathconstruct.code.tex 2010/08/03  (rcs-revision 1.24)
\pgf@path@lastx=\dimen129
\pgf@path@lasty=\dimen130
)
(/usr/share/texmf/tex/generic/pgf/basiclayer/pgfcorepathusage.code.tex
File: pgfcorepathusage.code.tex 2008/04/22  (rcs-revision 1.12)
\pgf@shorten@end@additional=\dimen131
\pgf@shorten@start@additional=\dimen132
)
(/usr/share/texmf/tex/generic/pgf/basiclayer/pgfcorescopes.code.tex
File: pgfcorescopes.code.tex 2010/09/08  (rcs-revision 1.34)
\pgfpic=\box28
\pgf@hbox=\box29
\pgf@layerbox@main=\box30
\pgf@picture@serial@count=\count97
)
(/usr/share/texmf/tex/generic/pgf/basiclayer/pgfcoregraphicstate.code.tex
File: pgfcoregraphicstate.code.tex 2008/04/22  (rcs-revision 1.9)
\pgflinewidth=\dimen133
)
(/usr/share/texmf/tex/generic/pgf/basiclayer/pgfcoretransformations.code.tex
File: pgfcoretransformations.code.tex 2009/06/10  (rcs-revision 1.11)
\pgf@pt@x=\dimen134
\pgf@pt@y=\dimen135
\pgf@pt@temp=\dimen136
)
(/usr/share/texmf/tex/generic/pgf/basiclayer/pgfcorequick.code.tex
File: pgfcorequick.code.tex 2008/10/09  (rcs-revision 1.3)
)
(/usr/share/texmf/tex/generic/pgf/basiclayer/pgfcoreobjects.code.tex
File: pgfcoreobjects.code.tex 2006/10/11  (rcs-revision 1.2)
)
(/usr/share/texmf/tex/generic/pgf/basiclayer/pgfcorepathprocessing.code.tex
File: pgfcorepathprocessing.code.tex 2008/10/09  (rcs-revision 1.8)
)
(/usr/share/texmf/tex/generic/pgf/basiclayer/pgfcorearrows.code.tex
File: pgfcorearrows.code.tex 2008/04/23  (rcs-revision 1.11)
)
(/usr/share/texmf/tex/generic/pgf/basiclayer/pgfcoreshade.code.tex
File: pgfcoreshade.code.tex 2008/11/23  (rcs-revision 1.13)
\pgf@max=\dimen137
\pgf@sys@shading@range@num=\count98
)
(/usr/share/texmf/tex/generic/pgf/basiclayer/pgfcoreimage.code.tex
File: pgfcoreimage.code.tex 2010/03/25  (rcs-revision 1.16)

(/usr/share/texmf/tex/generic/pgf/basiclayer/pgfcoreexternal.code.tex
File: pgfcoreexternal.code.tex 2010/09/01  (rcs-revision 1.17)
\pgfexternal@startupbox=\box31
))
(/usr/share/texmf/tex/generic/pgf/basiclayer/pgfcorelayers.code.tex
File: pgfcorelayers.code.tex 2010/08/27  (rcs-revision 1.2)
)
(/usr/share/texmf/tex/generic/pgf/basiclayer/pgfcoretransparency.code.tex
File: pgfcoretransparency.code.tex 2008/01/17  (rcs-revision 1.2)
)
(/usr/share/texmf/tex/generic/pgf/basiclayer/pgfcorepatterns.code.tex
File: pgfcorepatterns.code.tex 2009/07/02  (rcs-revision 1.3)
)))
(/usr/share/texmf/tex/generic/pgf/modules/pgfmoduleshapes.code.tex
File: pgfmoduleshapes.code.tex 2010/09/09  (rcs-revision 1.13)
\pgfnodeparttextbox=\box32
)
(/usr/share/texmf/tex/generic/pgf/modules/pgfmoduleplot.code.tex
File: pgfmoduleplot.code.tex 2010/10/22  (rcs-revision 1.8)
)
(/usr/share/texmf/tex/latex/pgf/compatibility/pgfcomp-version-0-65.sty
Package: pgfcomp-version-0-65 2007/07/03 v2.10 (rcs-revision 1.7)
\pgf@nodesepstart=\dimen138
\pgf@nodesepend=\dimen139
)
(/usr/share/texmf/tex/latex/pgf/compatibility/pgfcomp-version-1-18.sty
Package: pgfcomp-version-1-18 2007/07/23 v2.10 (rcs-revision 1.1)
))
(/usr/share/texmf/tex/latex/pgf/utilities/pgffor.sty
(/usr/share/texmf/tex/latex/pgf/utilities/pgfkeys.sty
(/usr/share/texmf/tex/generic/pgf/utilities/pgfkeys.code.tex))
(/usr/share/texmf/tex/generic/pgf/utilities/pgffor.code.tex
Package: pgffor 2010/03/23 v2.10 (rcs-revision 1.18)
\pgffor@iter=\dimen140
\pgffor@skip=\dimen141
\pgffor@stack=\toks24
\pgffor@toks=\toks25
))
(/usr/share/texmf/tex/generic/pgf/frontendlayer/tikz/tikz.code.tex
Package: tikz 2010/10/13 v2.10 (rcs-revision 1.76)

(/usr/share/texmf/tex/generic/pgf/libraries/pgflibraryplothandlers.code.tex
File: pgflibraryplothandlers.code.tex 2010/05/31 v2.10 (rcs-revision 1.15)
\pgf@plot@mark@count=\count99
\pgfplotmarksize=\dimen142
)
\tikz@lastx=\dimen143
\tikz@lasty=\dimen144
\tikz@lastxsaved=\dimen145
\tikz@lastysaved=\dimen146
\tikzleveldistance=\dimen147
\tikzsiblingdistance=\dimen148
\tikz@figbox=\box33
\tikz@tempbox=\box34
\tikztreelevel=\count100
\tikznumberofchildren=\count101
\tikznumberofcurrentchild=\count102
\tikz@fig@count=\count103

(/usr/share/texmf/tex/generic/pgf/modules/pgfmodulematrix.code.tex
File: pgfmodulematrix.code.tex 2010/08/24  (rcs-revision 1.4)
\pgfmatrixcurrentrow=\count104
\pgfmatrixcurrentcolumn=\count105
\pgf@matrix@numberofcolumns=\count106
)
\tikz@expandcount=\count107

(/usr/share/texmf/tex/generic/pgf/frontendlayer/tikz/libraries/tikzlibrarytopat
hs.code.tex
File: tikzlibrarytopaths.code.tex 2008/06/17 v2.10 (rcs-revision 1.2)
))) (/usr/share/texlive/texmf-dist/tex/latex/geometry/geometry.sty
Package: geometry 2010/09/12 v5.6 Page Geometry

(/usr/share/texlive/texmf-dist/tex/generic/oberdiek/ifpdf.sty
Package: ifpdf 2011/01/30 v2.3 Provides the ifpdf switch (HO)
Package ifpdf Info: pdfTeX in PDF mode is detected.
)
(/usr/share/texlive/texmf-dist/tex/generic/oberdiek/ifvtex.sty
Package: ifvtex 2010/03/01 v1.5 Detect VTeX and its facilities (HO)
Package ifvtex Info: VTeX not detected.
)
(/usr/share/texlive/texmf-dist/tex/generic/ifxetex/ifxetex.sty
Package: ifxetex 2010/09/12 v0.6 Provides ifxetex conditional
)
\Gm@cnth=\count108
\Gm@cntv=\count109
\c@Gm@tempcnt=\count110
\Gm@bindingoffset=\dimen149
\Gm@wd@mp=\dimen150
\Gm@odd@mp=\dimen151
\Gm@even@mp=\dimen152
\Gm@layoutwidth=\dimen153
\Gm@layoutheight=\dimen154
\Gm@layouthoffset=\dimen155
\Gm@layoutvoffset=\dimen156
\Gm@dimlist=\toks26
)
(/usr/share/texlive/texmf-dist/tex/latex/hyperref/hyperref.sty
Package: hyperref 2012/11/06 v6.83m Hypertext links for LaTeX

(/usr/share/texlive/texmf-dist/tex/generic/oberdiek/hobsub-hyperref.sty
Package: hobsub-hyperref 2012/05/28 v1.13 Bundle oberdiek, subset hyperref (HO)


(/usr/share/texlive/texmf-dist/tex/generic/oberdiek/hobsub-generic.sty
Package: hobsub-generic 2012/05/28 v1.13 Bundle oberdiek, subset generic (HO)
Package: hobsub 2012/05/28 v1.13 Construct package bundles (HO)
Package hobsub Info: Skipping package `infwarerr' (already loaded).
Package hobsub Info: Skipping package `ltxcmds' (already loaded).
Package: ifluatex 2010/03/01 v1.3 Provides the ifluatex switch (HO)
Package ifluatex Info: LuaTeX not detected.
Package hobsub Info: Skipping package `ifvtex' (already loaded).
Package: intcalc 2007/09/27 v1.1 Expandable calculations with integers (HO)
Package hobsub Info: Skipping package `ifpdf' (already loaded).
Package: etexcmds 2011/02/16 v1.5 Avoid name clashes with e-TeX commands (HO)
Package etexcmds Info: Could not find \expanded.
(etexcmds)             That can mean that you are not using pdfTeX 1.50 or
(etexcmds)             that some package has redefined \expanded.
(etexcmds)             In the latter case, load this package earlier.
Package: kvsetkeys 2012/04/25 v1.16 Key value parser (HO)
Package: kvdefinekeys 2011/04/07 v1.3 Define keys (HO)
Package: pdftexcmds 2011/11/29 v0.20 Utility functions of pdfTeX for LuaTeX (HO
)
Package pdftexcmds Info: LuaTeX not detected.
Package pdftexcmds Info: \pdf@primitive is available.
Package pdftexcmds Info: \pdf@ifprimitive is available.
Package pdftexcmds Info: \pdfdraftmode found.
Package: pdfescape 2011/11/25 v1.13 Implements pdfTeX's escape features (HO)
Package: bigintcalc 2012/04/08 v1.3 Expandable calculations on big integers (HO
)
Package: bitset 2011/01/30 v1.1 Handle bit-vector datatype (HO)
Package: uniquecounter 2011/01/30 v1.2 Provide unlimited unique counter (HO)
)
Package hobsub Info: Skipping package `hobsub' (already loaded).
Package: letltxmacro 2010/09/02 v1.4 Let assignment for LaTeX macros (HO)
Package: hopatch 2012/05/28 v1.2 Wrapper for package hooks (HO)
Package: xcolor-patch 2011/01/30 xcolor patch
Package: atveryend 2011/06/30 v1.8 Hooks at the very end of document (HO)
Package atveryend Info: \enddocument detected (standard20110627).
Package: atbegshi 2011/10/05 v1.16 At begin shipout hook (HO)
Package: refcount 2011/10/16 v3.4 Data extraction from label references (HO)
Package: hycolor 2011/01/30 v1.7 Color options for hyperref/bookmark (HO)
)
(/usr/share/texlive/texmf-dist/tex/latex/oberdiek/auxhook.sty
Package: auxhook 2011/03/04 v1.3 Hooks for auxiliary files (HO)
)
(/usr/share/texlive/texmf-dist/tex/latex/oberdiek/kvoptions.sty
Package: kvoptions 2011/06/30 v3.11 Key value format for package options (HO)
)
\@linkdim=\dimen157
\Hy@linkcounter=\count111
\Hy@pagecounter=\count112

(/usr/share/texlive/texmf-dist/tex/latex/hyperref/pd1enc.def
File: pd1enc.def 2012/11/06 v6.83m Hyperref: PDFDocEncoding definition (HO)
Now handling font encoding PD1 ...
... no UTF-8 mapping file for font encoding PD1
)
\Hy@SavedSpaceFactor=\count113

(/usr/share/texlive/texmf-dist/tex/latex/latexconfig/hyperref.cfg
File: hyperref.cfg 2002/06/06 v1.2 hyperref configuration of TeXLive
)
Package hyperref Info: Option `colorlinks' set `true' on input line 4319.
Package hyperref Info: Hyper figures OFF on input line 4443.
Package hyperref Info: Link nesting OFF on input line 4448.
Package hyperref Info: Hyper index ON on input line 4451.
Package hyperref Info: Plain pages OFF on input line 4458.
Package hyperref Info: Backreferencing OFF on input line 4463.
Package hyperref Info: Implicit mode ON; LaTeX internals redefined.
Package hyperref Info: Bookmarks ON on input line 4688.
\c@Hy@tempcnt=\count114
LaTeX Info: Redefining \url on input line 5041.
\XeTeXLinkMargin=\dimen158
\Fld@menulength=\count115
\Field@Width=\dimen159
\Fld@charsize=\dimen160
Package hyperref Info: Hyper figures OFF on input line 6295.
Package hyperref Info: Link nesting OFF on input line 6300.
Package hyperref Info: Hyper index ON on input line 6303.
Package hyperref Info: backreferencing OFF on input line 6310.
Package hyperref Info: Link coloring ON on input line 6313.
Package hyperref Info: Link coloring with OCG OFF on input line 6320.
Package hyperref Info: PDF/A mode OFF on input line 6325.
LaTeX Info: Redefining \ref on input line 6365.
LaTeX Info: Redefining \pageref on input line 6369.
\Hy@abspage=\count116
\c@Item=\count117
\c@Hfootnote=\count118
)

Package hyperref Message: Driver (autodetected): hpdftex.

(/usr/share/texlive/texmf-dist/tex/latex/hyperref/hpdftex.def
File: hpdftex.def 2012/11/06 v6.83m Hyperref driver for pdfTeX
\Fld@listcount=\count119
\c@bookmark@seq@number=\count120

(/usr/share/texlive/texmf-dist/tex/latex/oberdiek/rerunfilecheck.sty
Package: rerunfilecheck 2011/04/15 v1.7 Rerun checks for auxiliary files (HO)
Package uniquecounter Info: New unique counter `rerunfilecheck' on input line 2
82.
)
\Hy@SectionHShift=\skip43
)
(/usr/share/texlive/texmf-dist/tex/latex/tools/array.sty
Package: array 2008/09/09 v2.4c Tabular extension package (FMi)
\col@sep=\dimen161
\extrarowheight=\dimen162
\NC@list=\toks27
\extratabsurround=\skip44
\backup@length=\skip45
)
(/usr/share/texlive/texmf-dist/tex/latex/caption/caption.sty
Package: caption 2013/05/02 v3.3-89 Customizing captions (AR)

(/usr/share/texlive/texmf-dist/tex/latex/caption/caption3.sty
Package: caption3 2013/05/02 v1.6-88 caption3 kernel (AR)
Package caption3 Info: TeX engine: e-TeX on input line 57.
\captionmargin=\dimen163
\captionmargin@=\dimen164
\captionwidth=\dimen165
\caption@tempdima=\dimen166
\caption@indent=\dimen167
\caption@parindent=\dimen168
\caption@hangindent=\dimen169
)
\c@ContinuedFloat=\count121
Package caption Info: hyperref package is loaded.
)
(/usr/share/texlive/texmf-dist/tex/latex/titlesec/titlesec.sty
Package: titlesec 2011/12/15 v2.10.0 Sectioning titles
\ttl@box=\box35
\beforetitleunit=\skip46
\aftertitleunit=\skip47
\ttl@plus=\dimen170
\ttl@minus=\dimen171
\ttl@toksa=\toks28
\titlewidth=\dimen172
\titlewidthlast=\dimen173
\titlewidthfirst=\dimen174
)
(/usr/share/texlive/texmf-dist/tex/latex/footmisc/footmisc.sty
Package: footmisc 2011/06/06 v5.5b a miscellany of footnote facilities
\FN@temptoken=\toks29
\footnotemargin=\dimen175
\c@pp@next@reset=\count122
Package footmisc Info: Declaring symbol style bringhurst on input line 855.
Package footmisc Info: Declaring symbol style chicago on input line 863.
Package footmisc Info: Declaring symbol style wiley on input line 872.
Package footmisc Info: Declaring symbol style lamport-robust on input line 883.

Package footmisc Info: Declaring symbol style lamport* on input line 903.
Package footmisc Info: Declaring symbol style lamport*-robust on input line 924
.
)
(/usr/share/texlive/texmf-dist/tex/latex/fancyhdr/fancyhdr.sty
\fancy@headwidth=\skip48
\f@ncyO@elh=\skip49
\f@ncyO@erh=\skip50
\f@ncyO@olh=\skip51
\f@ncyO@orh=\skip52
\f@ncyO@elf=\skip53
\f@ncyO@erf=\skip54
\f@ncyO@olf=\skip55
\f@ncyO@orf=\skip56
))
(/usr/share/texlive/texmf-dist/tex/latex/amsfonts/amsfonts.sty
Package: amsfonts 2013/01/14 v3.01 Basic AMSFonts support
\@emptytoks=\toks30
\symAMSa=\mathgroup4
\symAMSb=\mathgroup5
LaTeX Font Info:    Overwriting math alphabet `\mathfrak' in version `bold'
(Font)                  U/euf/m/n --> U/euf/b/n on input line 106.
)
(/usr/share/texlive/texmf-dist/tex/latex/amsmath/amsmath.sty
Package: amsmath 2013/01/14 v2.14 AMS math features
\@mathmargin=\skip57

For additional information on amsmath, use the `?' option.
(/usr/share/texlive/texmf-dist/tex/latex/amsmath/amstext.sty
Package: amstext 2000/06/29 v2.01

(/usr/share/texlive/texmf-dist/tex/latex/amsmath/amsgen.sty
File: amsgen.sty 1999/11/30 v2.0
\@emptytoks=\toks31
\ex@=\dimen176
))
(/usr/share/texlive/texmf-dist/tex/latex/amsmath/amsbsy.sty
Package: amsbsy 1999/11/29 v1.2d
\pmbraise@=\dimen177
)
(/usr/share/texlive/texmf-dist/tex/latex/amsmath/amsopn.sty
Package: amsopn 1999/12/14 v2.01 operator names
)
\inf@bad=\count123
LaTeX Info: Redefining \frac on input line 210.
\uproot@=\count124
\leftroot@=\count125
LaTeX Info: Redefining \overline on input line 306.
\classnum@=\count126
\DOTSCASE@=\count127
LaTeX Info: Redefining \ldots on input line 378.
LaTeX Info: Redefining \dots on input line 381.
LaTeX Info: Redefining \cdots on input line 466.
\Mathstrutbox@=\box36
\strutbox@=\box37
\big@size=\dimen178
LaTeX Font Info:    Redeclaring font encoding OML on input line 566.
LaTeX Font Info:    Redeclaring font encoding OMS on input line 567.
\macc@depth=\count128
\c@MaxMatrixCols=\count129
\dotsspace@=\muskip11
\c@parentequation=\count130
\dspbrk@lvl=\count131
\tag@help=\toks32
\row@=\count132
\column@=\count133
\maxfields@=\count134
\andhelp@=\toks33
\eqnshift@=\dimen179
\alignsep@=\dimen180
\tagshift@=\dimen181
\tagwidth@=\dimen182
\totwidth@=\dimen183
\lineht@=\dimen184
\@envbody=\toks34
\multlinegap=\skip58
\multlinetaggap=\skip59
\mathdisplay@stack=\toks35
LaTeX Info: Redefining \[ on input line 2665.
LaTeX Info: Redefining \] on input line 2666.
)
(/usr/share/texlive/texmf-dist/tex/latex/adjustbox/adjustbox.sty
Package: adjustbox 2012/05/21 v1.0 Adjusting TeX boxes (trim, clip, ...)

(/usr/share/texlive/texmf-dist/tex/latex/xkeyval/xkeyval.sty
Package: xkeyval 2012/10/14 v2.6b package option processing (HA)

(/usr/share/texlive/texmf-dist/tex/generic/xkeyval/xkeyval.tex
\XKV@toks=\toks36
\XKV@tempa@toks=\toks37
\XKV@depth=\count135
File: xkeyval.tex 2012/10/14 v2.6b key=value parser (HA)
))
(/usr/share/texlive/texmf-dist/tex/latex/adjustbox/adjcalc.sty
Package: adjcalc 2012/05/16 v1.1 Provides advanced setlength with multiple back
-ends (calc, etex, pgfmath)
)
(/usr/share/texlive/texmf-dist/tex/latex/adjustbox/trimclip.sty
Package: trimclip 2012/05/16 v1.0 Trim and clip general TeX material

(/usr/share/texlive/texmf-dist/tex/latex/collectbox/collectbox.sty
Package: collectbox 2012/05/17 v0.4b Collect macro arguments as boxes
\collectedbox=\box38
)
\tc@llx=\dimen185
\tc@lly=\dimen186
\tc@urx=\dimen187
\tc@ury=\dimen188
Package trimclip Info: Using driver 'tc-pdftex.def'.

(/usr/share/texlive/texmf-dist/tex/latex/adjustbox/tc-pdftex.def
File: tc-pdftex.def 2012/05/13 v1.0 Clipping driver for pdftex
))
\adjbox@Width=\dimen189
\adjbox@Height=\dimen190
\adjbox@Depth=\dimen191
\adjbox@Totalheight=\dimen192

(/usr/share/texlive/texmf-dist/tex/latex/ifoddpage/ifoddpage.sty
Package: ifoddpage 2011/09/13 v1.0 Conditionals for odd/even page detection
\c@checkoddpage=\count136
)
(/usr/share/texlive/texmf-dist/tex/latex/varwidth/varwidth.sty
Package: varwidth 2009/03/30 ver 0.92;  Variable-width minipages
\@vwid@box=\box39
\sift@deathcycles=\count137
\@vwid@loff=\dimen193
\@vwid@roff=\dimen194
))
(/usr/share/texlive/texmf-dist/tex/latex/multirow/multirow.sty
\bigstrutjot=\dimen195
)
(/usr/share/texlive/texmf-dist/tex/latex/tools/bm.sty
Package: bm 2004/02/26 v1.1c Bold Symbol Support (DPC/FMi)
\symboldoperators=\mathgroup6
\symboldletters=\mathgroup7
\symboldsymbols=\mathgroup8
LaTeX Font Info:    Redeclaring math alphabet \mathbf on input line 138.
LaTeX Info: Redefining \bm on input line 204.
)
(/usr/share/texlive/texmf-dist/tex/latex/cite/cite.sty
LaTeX Info: Redefining \cite on input line 302.
LaTeX Info: Redefining \nocite on input line 373.
Package: cite 2010/09/10  v 5.3
)
(/usr/share/texlive/texmf-dist/tex/latex/subfigure/subfigure.sty
Package: subfigure 2002/03/15 v2.1.5 subfigure package
\subfigtopskip=\skip60
\subfigcapskip=\skip61
\subfigcaptopadj=\dimen196
\subfigbottomskip=\skip62
\subfigcapmargin=\dimen197
\subfiglabelskip=\skip63
\c@subfigure=\count138
\c@lofdepth=\count139
\c@subtable=\count140
\c@lotdepth=\count141

****************************************
* Local config file subfigure.cfg used *
****************************************
(/usr/share/texlive/texmf-dist/tex/latex/subfigure/subfigure.cfg)
\subfig@top=\skip64
\subfig@bottom=\skip65
)
(/usr/share/texlive/texmf-dist/tex/latex/tools/tabularx.sty
Package: tabularx 1999/01/07 v2.07 `tabularx' package (DPC)
\TX@col@width=\dimen198
\TX@old@table=\dimen199
\TX@old@col=\dimen200
\TX@target=\dimen201
\TX@delta=\dimen202
\TX@cols=\count142
\TX@ftn=\toks38
) (./HAs.aux

LaTeX Warning: Label `rEffS21' multiply defined.

)
\openout1 = `HAs.aux'.

LaTeX Font Info:    Checking defaults for OML/cmm/m/it on input line 20.
LaTeX Font Info:    ... okay on input line 20.
LaTeX Font Info:    Checking defaults for T1/cmr/m/n on input line 20.
LaTeX Font Info:    ... okay on input line 20.
LaTeX Font Info:    Checking defaults for OT1/cmr/m/n on input line 20.
LaTeX Font Info:    ... okay on input line 20.
LaTeX Font Info:    Checking defaults for OMS/cmsy/m/n on input line 20.
LaTeX Font Info:    ... okay on input line 20.
LaTeX Font Info:    Checking defaults for OMX/cmex/m/n on input line 20.
LaTeX Font Info:    ... okay on input line 20.
LaTeX Font Info:    Checking defaults for U/cmr/m/n on input line 20.
LaTeX Font Info:    ... okay on input line 20.
LaTeX Font Info:    Checking defaults for PD1/pdf/m/n on input line 20.
LaTeX Font Info:    ... okay on input line 20.
 (/usr/share/texlive/texmf-dist/tex/context/base/supp-pdf.mkii
[Loading MPS to PDF converter (version 2006.09.02).]
\scratchcounter=\count143
\scratchdimen=\dimen203
\scratchbox=\box40
\nofMPsegments=\count144
\nofMParguments=\count145
\everyMPshowfont=\toks39
\MPscratchCnt=\count146
\MPscratchDim=\dimen204
\MPnumerator=\count147
\makeMPintoPDFobject=\count148
\everyMPtoPDFconversion=\toks40
) (/usr/share/texlive/texmf-dist/tex/latex/oberdiek/epstopdf-base.sty
Package: epstopdf-base 2010/02/09 v2.5 Base part for package epstopdf

(/usr/share/texlive/texmf-dist/tex/latex/oberdiek/grfext.sty
Package: grfext 2010/08/19 v1.1 Manage graphics extensions (HO)
)
Package grfext Info: Graphics extension search list:
(grfext)             [.png,.pdf,.jpg,.mps,.jpeg,.jbig2,.jb2,.PNG,.PDF,.JPG,.JPE
G,.JBIG2,.JB2,.eps]
(grfext)             \AppendGraphicsExtensions on input line 452.

(/usr/share/texlive/texmf-dist/tex/latex/latexconfig/epstopdf-sys.cfg
File: epstopdf-sys.cfg 2010/07/13 v1.3 Configuration of (r)epstopdf for TeX Liv
e
))
ABD: EveryShipout initializing macros
*geometry* driver: auto-detecting
*geometry* detected driver: pdftex
*geometry* verbose mode - [ preamble ] result:
* driver: pdftex
* paper: <default>
* layout: <same size as paper>
* layoutoffset:(h,v)=(0.0pt,0.0pt)
* modes: 
* h-part:(L,W,R)=(71.13188pt, 455.24411pt, 71.13188pt)
* v-part:(T,H,B)=(71.13188pt, 717.00946pt, 56.9055pt)
* \paperwidth=597.50787pt
* \paperheight=845.04684pt
* \textwidth=455.24411pt
* \textheight=717.00946pt
* \oddsidemargin=-1.1381pt
* \evensidemargin=-1.1381pt
* \topmargin=-38.1381pt
* \headheight=12.0pt
* \headsep=25.0pt
* \topskip=11.0pt
* \footskip=30.0pt
* \marginparwidth=50.0pt
* \marginparsep=10.0pt
* \columnsep=10.0pt
* \skip\footins=10.0pt plus 4.0pt minus 2.0pt
* \hoffset=0.0pt
* \voffset=0.0pt
* \mag=1000
* \@twocolumnfalse
* \@twosidefalse
* \@mparswitchfalse
* \@reversemarginfalse
* (1in=72.27pt=25.4mm, 1cm=28.453pt)

\AtBeginShipoutBox=\box41
Package hyperref Info: Link coloring ON on input line 20.
(/usr/share/texlive/texmf-dist/tex/latex/hyperref/nameref.sty
Package: nameref 2012/10/27 v2.43 Cross-referencing by name of section

(/usr/share/texlive/texmf-dist/tex/generic/oberdiek/gettitlestring.sty
Package: gettitlestring 2010/12/03 v1.4 Cleanup title references (HO)
)
\c@section@level=\count149
)
LaTeX Info: Redefining \ref on input line 20.
LaTeX Info: Redefining \pageref on input line 20.
LaTeX Info: Redefining \nameref on input line 20.

(./HAs.out) (./HAs.out)
\@outlinefile=\write4
\openout4 = `HAs.out'.

Package caption Info: Begin \AtBeginDocument code.
Package caption Info: subfigure package is loaded.
Package caption Info: End \AtBeginDocument code.
*geometry* verbose mode - [ newgeometry ] result:
* driver: pdftex
* paper: <default>
* layout: <same size as paper>
* layoutoffset:(h,v)=(0.0pt,0.0pt)
* modes: 
* h-part:(L,W,R)=(71.13188pt, 455.24411pt, 71.13188pt)
* v-part:(T,H,B)=(71.13188pt, 717.00946pt, 56.9055pt)
* \paperwidth=597.50787pt
* \paperheight=845.04684pt
* \textwidth=455.24411pt
* \textheight=717.00946pt
* \oddsidemargin=-1.1381pt
* \evensidemargin=-1.1381pt
* \topmargin=-38.1381pt
* \headheight=12.0pt
* \headsep=25.0pt
* \topskip=11.0pt
* \footskip=30.0pt
* \marginparwidth=50.0pt
* \marginparsep=10.0pt
* \columnsep=10.0pt
* \skip\footins=10.0pt plus 4.0pt minus 2.0pt
* \hoffset=0.0pt
* \voffset=0.0pt
* \mag=1000
* \@twocolumnfalse
* \@twosidefalse
* \@mparswitchfalse
* \@reversemarginfalse
* (1in=72.27pt=25.4mm, 1cm=28.453pt)

 <Pictures/logo3.jpg, id=101, 116.65582pt x 94.1919pt>
File: Pictures/logo3.jpg Graphic file (type jpg)

<use Pictures/logo3.jpg>
Package pdftex.def Info: Pictures/logo3.jpg used on input line 28.
(pdftex.def)             Requested size: 93.32477pt x 75.3536pt.
LaTeX Font Info:    Try loading font information for U+msa on input line 40.

(/usr/share/texlive/texmf-dist/tex/latex/amsfonts/umsa.fd
File: umsa.fd 2013/01/14 v3.01 AMS symbols A
)
LaTeX Font Info:    Try loading font information for U+msb on input line 40.

(/usr/share/texlive/texmf-dist/tex/latex/amsfonts/umsb.fd
File: umsb.fd 2013/01/14 v3.01 AMS symbols B
)
Package babel Info: Redefining ngerman shorthand "|
(babel)             in language  on input line 52.
Package babel Info: Redefining ngerman shorthand "~
(babel)             in language  on input line 52.
Package babel Info: Redefining ngerman shorthand "|
(babel)             in language  on input line 52.
Package babel Info: Redefining ngerman shorthand "~
(babel)             in language  on input line 52.
 [1


{/var/lib/texmf/fonts/map/pdftex/updmap/pdftex.map} <./Pictures/logo3.jpg>] (./
HAs.toc)
\tf@toc=\write5
\openout5 = `HAs.toc'.

Package babel Info: Redefining ngerman shorthand "|
(babel)             in language  on input line 62.
Package babel Info: Redefining ngerman shorthand "~
(babel)             in language  on input line 62.
Package babel Info: Redefining ngerman shorthand "|
(babel)             in language  on input line 62.
Package babel Info: Redefining ngerman shorthand "~
(babel)             in language  on input line 62.
 [1

]
(./HAs.lof)
\tf@lof=\write6
\openout6 = `HAs.lof'.

Package babel Info: Redefining ngerman shorthand "|
(babel)             in language  on input line 66.
Package babel Info: Redefining ngerman shorthand "~
(babel)             in language  on input line 66.
Package babel Info: Redefining ngerman shorthand "|
(babel)             in language  on input line 66.
Package babel Info: Redefining ngerman shorthand "~
(babel)             in language  on input line 66.
 [2] (./HAs.lot
Overfull \hbox (12.18463pt too wide) in paragraph at lines 4--4
 [][] [][][]\OT1/cmr/m/n/10.95 Sozio[]okonomische und geo-gra-phi-sche Va-ria-b
len der Geb[]aude- und Woh-nungsz[]ahlung 
 []

)
\tf@lot=\write7
\openout7 = `HAs.lot'.

Package babel Info: Redefining ngerman shorthand "|
(babel)             in language  on input line 70.
Package babel Info: Redefining ngerman shorthand "~
(babel)             in language  on input line 70.
Package babel Info: Redefining ngerman shorthand "|
(babel)             in language  on input line 70.
Package babel Info: Redefining ngerman shorthand "~
(babel)             in language  on input line 70.
 [3]
Package babel Info: Redefining ngerman shorthand "|
(babel)             in language  on input line 79.
Package babel Info: Redefining ngerman shorthand "~
(babel)             in language  on input line 79.

Overfull \hbox (23.81877pt too wide) in paragraph at lines 87--88
\OT1/cmr/m/n/10.95 syn-onym f[]ur \OT1/cmr/m/it/10.95 se-mi-pa-ra-me-trisch \OT
1/cmr/m/n/10.95 ver-wen-det. Modl-lie-rung hat zwei Aus-sa-gen: 1. Parameterbes
chriebung-
 []


Package Fancyhdr Warning: \headheight is too small (12.0pt): 
 Make it at least 13.59999pt.
 We now make it that large for the rest of the document.
 This may cause the page layout to be inconsistent, however.

Package babel Info: Redefining ngerman shorthand "|
(babel)             in language  on input line 89.
Package babel Info: Redefining ngerman shorthand "~
(babel)             in language  on input line 89.
Package babel Info: Redefining ngerman shorthand "|
(babel)             in language  on input line 89.
Package babel Info: Redefining ngerman shorthand "~
(babel)             in language  on input line 89.
pdfTeX warning (ext4): destination with the same identifier (name{page.1}) has 
been already used, duplicate ignored
<to be read again> 
                   \relax 
l.89 \newpage
              [1]
Package babel Info: Redefining ngerman shorthand "|
(babel)             in language  on input line 92.
Package babel Info: Redefining ngerman shorthand "~
(babel)             in language  on input line 92.
Package babel Info: Redefining ngerman shorthand "|
(babel)             in language  on input line 93.
Package babel Info: Redefining ngerman shorthand "~
(babel)             in language  on input line 93.
Package babel Info: Redefining ngerman shorthand "|
(babel)             in language  on input line 106.
Package babel Info: Redefining ngerman shorthand "~
(babel)             in language  on input line 106.

Underfull \hbox (badness 10000) in paragraph at lines 107--113

 []

Package babel Info: Redefining ngerman shorthand "|
(babel)             in language  on input line 155.
Package babel Info: Redefining ngerman shorthand "~
(babel)             in language  on input line 155.
Package babel Info: Redefining ngerman shorthand "|
(babel)             in language  on input line 155.
Package babel Info: Redefining ngerman shorthand "~
(babel)             in language  on input line 155.
[2] <Pictures/BarResp.pdf, id=271, 578.16pt x 216.81pt>
File: Pictures/BarResp.pdf Graphic file (type pdf)

<use Pictures/BarResp.pdf>
Package pdftex.def Info: Pictures/BarResp.pdf used on input line 158.
(pdftex.def)             Requested size: 462.52863pt x 173.44823pt.

Overfull \hbox (7.28452pt too wide) in paragraph at lines 158--159
 [] 
 []


Underfull \hbox (badness 10000) in paragraph at lines 164--177

 []

Package babel Info: Redefining ngerman shorthand "|
(babel)             in language  on input line 177.
Package babel Info: Redefining ngerman shorthand "~
(babel)             in language  on input line 177.
Package babel Info: Redefining ngerman shorthand "|
(babel)             in language  on input line 177.
Package babel Info: Redefining ngerman shorthand "~
(babel)             in language  on input line 177.
[3 <./Pictures/BarResp.pdf>]
<Pictures/XYStuttgart3.png, id=296, 578.16pt x 289.08pt>
File: Pictures/XYStuttgart3.png Graphic file (type png)

<use Pictures/XYStuttgart3.png>
Package pdftex.def Info: Pictures/XYStuttgart3.png used on input line 182.
(pdftex.def)             Requested size: 462.52863pt x 231.2643pt.

Overfull \hbox (7.28452pt too wide) in paragraph at lines 182--183
 [] 
 []


Underfull \hbox (badness 10000) in paragraph at lines 188--193

 []

Package babel Info: Redefining ngerman shorthand "|
(babel)             in language  on input line 193.
Package babel Info: Redefining ngerman shorthand "~
(babel)             in language  on input line 193.
Package babel Info: Redefining ngerman shorthand "|
(babel)             in language  on input line 193.
Package babel Info: Redefining ngerman shorthand "~
(babel)             in language  on input line 193.
[4 <./Pictures/XYStuttgart3.png (PNG copy)>]
<Pictures/XYWohnG5.png, id=310, 578.16pt x 469.755pt>
File: Pictures/XYWohnG5.png Graphic file (type png)

<use Pictures/XYWohnG5.png>
Package pdftex.def Info: Pictures/XYWohnG5.png used on input line 196.
(pdftex.def)             Requested size: 462.52863pt x 375.80452pt.

Overfull \hbox (7.28452pt too wide) in paragraph at lines 196--197
 [] 
 []

Package babel Info: Redefining ngerman shorthand "|
(babel)             in language  on input line 212.
Package babel Info: Redefining ngerman shorthand "~
(babel)             in language  on input line 212.
Package babel Info: Redefining ngerman shorthand "|
(babel)             in language  on input line 212.
Package babel Info: Redefining ngerman shorthand "~
(babel)             in language  on input line 212.
[5 <./Pictures/XYWohnG5.png (PNG copy)>]
<Pictures/BStuttgart3.pdf, id=323, 578.16pt x 289.08pt>
File: Pictures/BStuttgart3.pdf Graphic file (type pdf)

<use Pictures/BStuttgart3.pdf>
Package pdftex.def Info: Pictures/BStuttgart3.pdf used on input line 215.
(pdftex.def)             Requested size: 462.52863pt x 231.2643pt.

Overfull \hbox (7.28452pt too wide) in paragraph at lines 215--216
 [] 
 []

<Pictures/SStuttgart3.pdf, id=326, 578.16pt x 289.08pt>
File: Pictures/SStuttgart3.pdf Graphic file (type pdf)

<use Pictures/SStuttgart3.pdf>
Package pdftex.def Info: Pictures/SStuttgart3.pdf used on input line 231.
(pdftex.def)             Requested size: 462.52863pt x 231.2643pt.

Overfull \hbox (7.28452pt too wide) in paragraph at lines 231--232
 [] 
 []


LaTeX Warning: `h' float specifier changed to `ht'.


Underfull \hbox (badness 10000) in paragraph at lines 237--243

 []

Package babel Info: Redefining ngerman shorthand "|
(babel)             in language  on input line 244.
Package babel Info: Redefining ngerman shorthand "~
(babel)             in language  on input line 244.
Package babel Info: Redefining ngerman shorthand "|
(babel)             in language  on input line 260.
Package babel Info: Redefining ngerman shorthand "~
(babel)             in language  on input line 260.
Package babel Info: Redefining ngerman shorthand "|
(babel)             in language  on input line 260.
Package babel Info: Redefining ngerman shorthand "~
(babel)             in language  on input line 260.
[6 <./Pictures/BStuttgart3.pdf>]

LaTeX Warning: `h' float specifier changed to `ht'.

Package babel Info: Redefining ngerman shorthand "|
(babel)             in language  on input line 285.
Package babel Info: Redefining ngerman shorthand "~
(babel)             in language  on input line 285.
Package babel Info: Redefining ngerman shorthand "|
(babel)             in language  on input line 290.
Package babel Info: Redefining ngerman shorthand "~
(babel)             in language  on input line 290.
Package babel Info: Redefining ngerman shorthand "|
(babel)             in language  on input line 290.
Package babel Info: Redefining ngerman shorthand "~
(babel)             in language  on input line 290.
[7 <./Pictures/SStuttgart3.pdf>]
Package babel Info: Redefining ngerman shorthand "|
(babel)             in language  on input line 317.
Package babel Info: Redefining ngerman shorthand "~
(babel)             in language  on input line 317.
Package babel Info: Redefining ngerman shorthand "|
(babel)             in language  on input line 317.
Package babel Info: Redefining ngerman shorthand "~
(babel)             in language  on input line 317.
 [8]
Package babel Info: Redefining ngerman shorthand "|
(babel)             in language  on input line 319.
Package babel Info: Redefining ngerman shorthand "~
(babel)             in language  on input line 319.
Package babel Info: Redefining ngerman shorthand "|
(babel)             in language  on input line 323.
Package babel Info: Redefining ngerman shorthand "~
(babel)             in language  on input line 323.
Package babel Info: Redefining ngerman shorthand "|
(babel)             in language  on input line 346.
Package babel Info: Redefining ngerman shorthand "~
(babel)             in language  on input line 346.
Package babel Info: Redefining ngerman shorthand "|
(babel)             in language  on input line 346.
Package babel Info: Redefining ngerman shorthand "~
(babel)             in language  on input line 346.
 [9]
Package babel Info: Redefining ngerman shorthand "|
(babel)             in language  on input line 346.
Package babel Info: Redefining ngerman shorthand "~
(babel)             in language  on input line 346.
Package babel Info: Redefining ngerman shorthand "|
(babel)             in language  on input line 367.
Package babel Info: Redefining ngerman shorthand "~
(babel)             in language  on input line 367.
Package babel Info: Redefining ngerman shorthand "|
(babel)             in language  on input line 367.
Package babel Info: Redefining ngerman shorthand "~
(babel)             in language  on input line 367.
 [10]
Package babel Info: Redefining ngerman shorthand "|
(babel)             in language  on input line 388.
Package babel Info: Redefining ngerman shorthand "~
(babel)             in language  on input line 388.
Package babel Info: Redefining ngerman shorthand "|
(babel)             in language  on input line 388.
Package babel Info: Redefining ngerman shorthand "~
(babel)             in language  on input line 388.
 [11]
Package babel Info: Redefining ngerman shorthand "|
(babel)             in language  on input line 394.
Package babel Info: Redefining ngerman shorthand "~
(babel)             in language  on input line 394.
Package babel Info: Redefining ngerman shorthand "|
(babel)             in language  on input line 394.
Package babel Info: Redefining ngerman shorthand "~
(babel)             in language  on input line 394.
 [12]
Package babel Info: Redefining ngerman shorthand "|
(babel)             in language  on input line 403.
Package babel Info: Redefining ngerman shorthand "~
(babel)             in language  on input line 403.
Package babel Info: Redefining ngerman shorthand "|
(babel)             in language  on input line 408.
Package babel Info: Redefining ngerman shorthand "~
(babel)             in language  on input line 408.

Overfull \hbox (14.95375pt too wide) in paragraph at lines 409--411
\OT1/cmr/m/n/10.95 Die Kreuz-va-li-die-rung gibt im Ge-gen-satz zur be-reits be
-schrie-be-nen Re-klas-si-fi-zie-rung , die M[]oglichkeit
 []

Package babel Info: Redefining ngerman shorthand "|
(babel)             in language  on input line 411.
Package babel Info: Redefining ngerman shorthand "~
(babel)             in language  on input line 411.
Package babel Info: Redefining ngerman shorthand "|
(babel)             in language  on input line 411.
Package babel Info: Redefining ngerman shorthand "~
(babel)             in language  on input line 411.
[13]
Package babel Info: Redefining ngerman shorthand "|
(babel)             in language  on input line 413.
Package babel Info: Redefining ngerman shorthand "~
(babel)             in language  on input line 413.
Package babel Info: Redefining ngerman shorthand "|
(babel)             in language  on input line 417.
Package babel Info: Redefining ngerman shorthand "~
(babel)             in language  on input line 417.
Package babel Info: Redefining ngerman shorthand "|
(babel)             in language  on input line 424.
Package babel Info: Redefining ngerman shorthand "~
(babel)             in language  on input line 424.
Package babel Info: Redefining ngerman shorthand "|
(babel)             in language  on input line 424.
Package babel Info: Redefining ngerman shorthand "~
(babel)             in language  on input line 424.
 [14]
Package babel Info: Redefining ngerman shorthand "|
(babel)             in language  on input line 445.
Package babel Info: Redefining ngerman shorthand "~
(babel)             in language  on input line 445.
Package babel Info: Redefining ngerman shorthand "|
(babel)             in language  on input line 447.
Package babel Info: Redefining ngerman shorthand "~
(babel)             in language  on input line 447.
Package babel Info: Redefining ngerman shorthand "|
(babel)             in language  on input line 447.
Package babel Info: Redefining ngerman shorthand "~
(babel)             in language  on input line 447.
 [15]
Package babel Info: Redefining ngerman shorthand "|
(babel)             in language  on input line 448.
Package babel Info: Redefining ngerman shorthand "~
(babel)             in language  on input line 448.
 <Pictures/stepAIC.pdf, id=607, 578.16pt x 397.485pt>
File: Pictures/stepAIC.pdf Graphic file (type pdf)

<use Pictures/stepAIC.pdf>
Package pdftex.def Info: Pictures/stepAIC.pdf used on input line 453.
(pdftex.def)             Requested size: 462.52863pt x 317.98842pt.

Overfull \hbox (7.28452pt too wide) in paragraph at lines 453--454
 [] 
 []

Package babel Info: Redefining ngerman shorthand "|
(babel)             in language  on input line 461.
Package babel Info: Redefining ngerman shorthand "~
(babel)             in language  on input line 461.
Package babel Info: Redefining ngerman shorthand "|
(babel)             in language  on input line 461.
Package babel Info: Redefining ngerman shorthand "~
(babel)             in language  on input line 461.
[16 <./Pictures/stepAIC.pdf>]
Package babel Info: Redefining ngerman shorthand "|
(babel)             in language  on input line 463.
Package babel Info: Redefining ngerman shorthand "~
(babel)             in language  on input line 463.


LaTeX Warning: `h' float specifier changed to `ht'.

Package babel Info: Redefining ngerman shorthand "|
(babel)             in language  on input line 494.
Package babel Info: Redefining ngerman shorthand "~
(babel)             in language  on input line 494.
Package babel Info: Redefining ngerman shorthand "|
(babel)             in language  on input line 494.
Package babel Info: Redefining ngerman shorthand "~
(babel)             in language  on input line 494.
[17] <Pictures/S21ModelEffects2.pdf, id=624, 578.16pt x 289.08pt>
File: Pictures/S21ModelEffects2.pdf Graphic file (type pdf)

<use Pictures/S21ModelEffects2.pdf>
Package pdftex.def Info: Pictures/S21ModelEffects2.pdf used on input line 497.
(pdftex.def)             Requested size: 462.52863pt x 231.2643pt.

Overfull \hbox (7.28452pt too wide) in paragraph at lines 497--498
 [] 
 []

<Pictures/S21_3_Kont_SpatEff.pdf, id=625, 325.215pt x 289.08pt>
File: Pictures/S21_3_Kont_SpatEff.pdf Graphic file (type pdf)

<use Pictures/S21_3_Kont_SpatEff.pdf>
Package pdftex.def Info: Pictures/S21_3_Kont_SpatEff.pdf used on input line 506
.
(pdftex.def)             Requested size: 162.6071pt x 144.53964pt.

<Pictures/S21_3_Bezirke_SpatEff.pdf, id=626, 325.215pt x 289.08pt>
File: Pictures/S21_3_Bezirke_SpatEff.pdf Graphic file (type pdf)

<use Pictures/S21_3_Bezirke_SpatEff.pdf>
Package pdftex.def Info: Pictures/S21_3_Bezirke_SpatEff.pdf used on input line 
507.
(pdftex.def)             Requested size: 162.6071pt x 144.53964pt.

<Pictures/S21_3_Stadtt_SpatEff.pdf, id=627, 325.215pt x 289.08pt>
File: Pictures/S21_3_Stadtt_SpatEff.pdf Graphic file (type pdf)

<use Pictures/S21_3_Stadtt_SpatEff.pdf>
Package pdftex.def Info: Pictures/S21_3_Stadtt_SpatEff.pdf used on input line 5
08.
(pdftex.def)             Requested size: 162.6071pt x 144.53964pt.

Overfull \hbox (32.5772pt too wide) in paragraph at lines 506--509
 [][][][][][] 
 []

<Pictures/BWModelEffects2.pdf, id=636, 578.16pt x 289.08pt>
File: Pictures/BWModelEffects2.pdf Graphic file (type pdf)

<use Pictures/BWModelEffects2.pdf>
Package pdftex.def Info: Pictures/BWModelEffects2.pdf used on input line 518.
(pdftex.def)             Requested size: 462.52863pt x 231.2643pt.

Overfull \hbox (7.28452pt too wide) in paragraph at lines 518--519
 [] 
 []

Package babel Info: Redefining ngerman shorthand "|
(babel)             in language  on input line 525.
Package babel Info: Redefining ngerman shorthand "~
(babel)             in language  on input line 525.
Package babel Info: Redefining ngerman shorthand "|
(babel)             in language  on input line 525.
Package babel Info: Redefining ngerman shorthand "~
(babel)             in language  on input line 525.
[18 <./Pictures/S21ModelEffects2.pdf>]
Package babel Info: Redefining ngerman shorthand "|
(babel)             in language  on input line 525.
Package babel Info: Redefining ngerman shorthand "~
(babel)             in language  on input line 525.
Package babel Info: Redefining ngerman shorthand "|
(babel)             in language  on input line 525.
Package babel Info: Redefining ngerman shorthand "~
(babel)             in language  on input line 525.
 [19 <./Pictures/S21_3_Kont_SpatEff.pdf> <./Pictures/S21_3_Bezirke_SpatEff.pdf>
 <./Pictures/S21_3_Stadtt_SpatEff.pdf>]

LaTeX Warning: `h' float specifier changed to `ht'.

Package babel Info: Redefining ngerman shorthand "|
(babel)             in language  on input line 525.
Package babel Info: Redefining ngerman shorthand "~
(babel)             in language  on input line 525.
Package babel Info: Redefining ngerman shorthand "|
(babel)             in language  on input line 525.
Package babel Info: Redefining ngerman shorthand "~
(babel)             in language  on input line 525.
[20]
Package babel Info: Redefining ngerman shorthand "|
(babel)             in language  on input line 525.
Package babel Info: Redefining ngerman shorthand "~
(babel)             in language  on input line 525.
Package babel Info: Redefining ngerman shorthand "|
(babel)             in language  on input line 525.
Package babel Info: Redefining ngerman shorthand "~
(babel)             in language  on input line 525.
 [21 <./Pictures/BWModelEffects2.pdf>]
<Pictures/W_5_Kont_SpatEff.pdf, id=763, 325.215pt x 289.08pt>
File: Pictures/W_5_Kont_SpatEff.pdf Graphic file (type pdf)

<use Pictures/W_5_Kont_SpatEff.pdf>
Package pdftex.def Info: Pictures/W_5_Kont_SpatEff.pdf used on input line 528.
(pdftex.def)             Requested size: 162.6071pt x 144.53964pt.

<Pictures/W_5_Bezirke_SpatEff.pdf, id=764, 325.215pt x 289.08pt>
File: Pictures/W_5_Bezirke_SpatEff.pdf Graphic file (type pdf)

<use Pictures/W_5_Bezirke_SpatEff.pdf>
Package pdftex.def Info: Pictures/W_5_Bezirke_SpatEff.pdf used on input line 52
9.
(pdftex.def)             Requested size: 162.6071pt x 144.53964pt.

<Pictures/W_5_Stadtt_SpatEff.pdf, id=765, 325.215pt x 289.08pt>
File: Pictures/W_5_Stadtt_SpatEff.pdf Graphic file (type pdf)

<use Pictures/W_5_Stadtt_SpatEff.pdf>
Package pdftex.def Info: Pictures/W_5_Stadtt_SpatEff.pdf used on input line 530
.
(pdftex.def)             Requested size: 162.6071pt x 144.53964pt.

Overfull \hbox (32.5772pt too wide) in paragraph at lines 528--531
 [][][][][][] 
 []

Package babel Info: Redefining ngerman shorthand "|
(babel)             in language  on input line 535.
Package babel Info: Redefining ngerman shorthand "~
(babel)             in language  on input line 535.

LaTeX Warning: `h' float specifier changed to `ht'.

Package babel Info: Redefining ngerman shorthand "|
(babel)             in language  on input line 574.
Package babel Info: Redefining ngerman shorthand "~
(babel)             in language  on input line 574.
Package babel Info: Redefining ngerman shorthand "|
(babel)             in language  on input line 574.
Package babel Info: Redefining ngerman shorthand "~
(babel)             in language  on input line 574.
[22 <./Pictures/W_5_Kont_SpatEff.pdf> <./Pictures/W_5_Bezirke_SpatEff.pdf> <./P
ictures/W_5_Stadtt_SpatEff.pdf>]
Package babel Info: Redefining ngerman shorthand "|
(babel)             in language  on input line 575.
Package babel Info: Redefining ngerman shorthand "~
(babel)             in language  on input line 575.


LaTeX Warning: `h' float specifier changed to `ht'.


Overfull \hbox (7.88956pt too wide) in paragraph at lines 611--625
 [][] 
 []


LaTeX Warning: `h' float specifier changed to `ht'.

Package babel Info: Redefining ngerman shorthand "|
(babel)             in language  on input line 629.
Package babel Info: Redefining ngerman shorthand "~
(babel)             in language  on input line 629.
Package babel Info: Redefining ngerman shorthand "|
(babel)             in language  on input line 629.
Package babel Info: Redefining ngerman shorthand "~
(babel)             in language  on input line 629.
[23]
Package babel Info: Redefining ngerman shorthand "|
(babel)             in language  on input line 629.
Package babel Info: Redefining ngerman shorthand "~
(babel)             in language  on input line 629.
Package babel Info: Redefining ngerman shorthand "|
(babel)             in language  on input line 629.
Package babel Info: Redefining ngerman shorthand "~
(babel)             in language  on input line 629.
 [24]
Package babel Info: Redefining ngerman shorthand "|
(babel)             in language  on input line 630.
Package babel Info: Redefining ngerman shorthand "~
(babel)             in language  on input line 630.
Package babel Info: Redefining ngerman shorthand "|
(babel)             in language  on input line 674.
Package babel Info: Redefining ngerman shorthand "~
(babel)             in language  on input line 674.
Package babel Info: Redefining ngerman shorthand "|
(babel)             in language  on input line 674.
Package babel Info: Redefining ngerman shorthand "~
(babel)             in language  on input line 674.
 [25] <Pictures/PaT2.pdf, id=879, 578.16pt x 289.08pt>
File: Pictures/PaT2.pdf Graphic file (type pdf)

<use Pictures/PaT2.pdf>
Package pdftex.def Info: Pictures/PaT2.pdf used on input line 677.
(pdftex.def)             Requested size: 462.52863pt x 231.2643pt.

Overfull \hbox (7.28452pt too wide) in paragraph at lines 677--678
 [] 
 []

Package babel Info: Redefining ngerman shorthand "|
(babel)             in language  on input line 684.
Package babel Info: Redefining ngerman shorthand "~
(babel)             in language  on input line 684.
Package babel Info: Redefining ngerman shorthand "|
(babel)             in language  on input line 684.
Package babel Info: Redefining ngerman shorthand "~
(babel)             in language  on input line 684.
[26 <./Pictures/PaT2.pdf>]
Package babel Info: Redefining ngerman shorthand "|
(babel)             in language  on input line 685.
Package babel Info: Redefining ngerman shorthand "~
(babel)             in language  on input line 685.

<Pictures/S21AlleModelle.pdf, id=892, 578.16pt x 252.945pt>
File: Pictures/S21AlleModelle.pdf Graphic file (type pdf)

<use Pictures/S21AlleModelle.pdf>
Package pdftex.def Info: Pictures/S21AlleModelle.pdf used on input line 692.
(pdftex.def)             Requested size: 462.52863pt x 202.35626pt.

Overfull \hbox (7.28452pt too wide) in paragraph at lines 692--693
 [] 
 []


LaTeX Warning: `h' float specifier changed to `ht'.

Package babel Info: Redefining ngerman shorthand "|
(babel)             in language  on input line 699.
Package babel Info: Redefining ngerman shorthand "~
(babel)             in language  on input line 699.
Package babel Info: Redefining ngerman shorthand "|
(babel)             in language  on input line 699.
Package babel Info: Redefining ngerman shorthand "~
(babel)             in language  on input line 699.
[27] <Pictures/WohngegendAlleModelle2.pdf, id=898, 578.16pt x 361.35pt>
File: Pictures/WohngegendAlleModelle2.pdf Graphic file (type pdf)

<use Pictures/WohngegendAlleModelle2.pdf>
Package pdftex.def Info: Pictures/WohngegendAlleModelle2.pdf used on input line
 702.
(pdftex.def)             Requested size: 462.52863pt x 289.0804pt.

Overfull \hbox (7.28452pt too wide) in paragraph at lines 702--703
 [] 
 []


LaTeX Warning: `h' float specifier changed to `ht'.

Package babel Info: Redefining ngerman shorthand "|
(babel)             in language  on input line 711.
Package babel Info: Redefining ngerman shorthand "~
(babel)             in language  on input line 711.
Package babel Info: Redefining ngerman shorthand "|
(babel)             in language  on input line 711.
Package babel Info: Redefining ngerman shorthand "~
(babel)             in language  on input line 711.
[28 <./Pictures/S21AlleModelle.pdf>]
Package babel Info: Redefining ngerman shorthand "|
(babel)             in language  on input line 713.
Package babel Info: Redefining ngerman shorthand "~
(babel)             in language  on input line 713.
Package babel Info: Redefining ngerman shorthand "|
(babel)             in language  on input line 713.
Package babel Info: Redefining ngerman shorthand "~
(babel)             in language  on input line 713.
 [29 <./Pictures/WohngegendAlleModelle2.pdf>]
Package babel Info: Redefining ngerman shorthand "|
(babel)             in language  on input line 714.
Package babel Info: Redefining ngerman shorthand "~
(babel)             in language  on input line 714.

Underfull \hbox (badness 10000) in paragraph at lines 715--717

 []

Package babel Info: Redefining ngerman shorthand "|
(babel)             in language  on input line 726.
Package babel Info: Redefining ngerman shorthand "~
(babel)             in language  on input line 726.
Package babel Info: Redefining ngerman shorthand "|
(babel)             in language  on input line 726.
Package babel Info: Redefining ngerman shorthand "~
(babel)             in language  on input line 726.
[30

]
Package babel Info: Redefining ngerman shorthand "|
(babel)             in language  on input line 727.
Package babel Info: Redefining ngerman shorthand "~
(babel)             in language  on input line 727.
Package babel Info: Redefining ngerman shorthand "|
(babel)             in language  on input line 733.
Package babel Info: Redefining ngerman shorthand "~
(babel)             in language  on input line 733.
Package babel Info: Redefining ngerman shorthand "|
(babel)             in language  on input line 733.
Package babel Info: Redefining ngerman shorthand "~
(babel)             in language  on input line 733.
 [31]
Package babel Info: Redefining ngerman shorthand "|
(babel)             in language  on input line 737.
Package babel Info: Redefining ngerman shorthand "~
(babel)             in language  on input line 737.
 (./HAs.bbl
Overfull \hbox (20.68622pt too wide) in paragraph at lines 47--50
\OT1/cmr/m/n/10.95 center=48.778306,9.180159&zoom=11&size=640x640&scale=2&mapty
pe=terrain&language=en-
 []

Package babel Info: Redefining ngerman shorthand "|
(babel)             in language  on input line 90.
Package babel Info: Redefining ngerman shorthand "~
(babel)             in language  on input line 90.
Package babel Info: Redefining ngerman shorthand "|
(babel)             in language  on input line 90.
Package babel Info: Redefining ngerman shorthand "~
(babel)             in language  on input line 90.
[32

]
Overfull \hbox (44.72752pt too wide) in paragraph at lines 91--93
[]\OT1/cmr/m/n/10.95 Statistikamt Stutt-gart (2011).  http://www.stuttgart.de/v
olksabstimmung. 
 []


Underfull \hbox (badness 10000) in paragraph at lines 95--98
[]\OT1/cmr/m/n/10.95 Statistisches Bun-des-amt (2016).  htt-
 []


Underfull \hbox (badness 10000) in paragraph at lines 95--98
\OT1/cmr/m/n/10.95 ps://www.destatis.de/de/zahlenfakten/laenderregionen/ re-gio
-na-
 []

)
Package babel Info: Redefining ngerman shorthand "|
(babel)             in language  on input line 751.
Package babel Info: Redefining ngerman shorthand "~
(babel)             in language  on input line 751.
Package babel Info: Redefining ngerman shorthand "|
(babel)             in language  on input line 751.
Package babel Info: Redefining ngerman shorthand "~
(babel)             in language  on input line 751.
 [33]
Package babel Info: Redefining ngerman shorthand "|
(babel)             in language  on input line 764.
Package babel Info: Redefining ngerman shorthand "~
(babel)             in language  on input line 764.
 <Pictures/BarData.pdf, id=950, 578.16pt x 578.16pt>
File: Pictures/BarData.pdf Graphic file (type pdf)

<use Pictures/BarData.pdf>
Package pdftex.def Info: Pictures/BarData.pdf used on input line 768.
(pdftex.def)             Requested size: 462.52863pt x 462.52863pt.

Overfull \hbox (7.28452pt too wide) in paragraph at lines 768--769
 [] 
 []

<Pictures/BWohn.pdf, id=951, 578.16pt x 505.89pt>
File: Pictures/BWohn.pdf Graphic file (type pdf)
 <use Pictures/BWohn.pdf>
Package pdftex.def Info: Pictures/BWohn.pdf used on input line 777.
(pdftex.def)             Requested size: 462.52863pt x 404.71254pt.

Overfull \hbox (7.28452pt too wide) in paragraph at lines 777--778
 [] 
 []


LaTeX Warning: `h' float specifier changed to `ht'.

<Pictures/SWohn.pdf, id=952, 578.16pt x 505.89pt>
File: Pictures/SWohn.pdf Graphic file (type pdf)
 <use Pictures/SWohn.pdf>
Package pdftex.def Info: Pictures/SWohn.pdf used on input line 785.
(pdftex.def)             Requested size: 462.52863pt x 404.71254pt.

Overfull \hbox (7.28452pt too wide) in paragraph at lines 785--786
 [] 
 []


LaTeX Warning: `h' float specifier changed to `ht'.

<Pictures/S21Extra.pdf, id=953, 578.16pt x 289.08pt>
File: Pictures/S21Extra.pdf Graphic file (type pdf)

<use Pictures/S21Extra.pdf>
Package pdftex.def Info: Pictures/S21Extra.pdf used on input line 801.
(pdftex.def)             Requested size: 462.52863pt x 231.2643pt.

Overfull \hbox (7.28452pt too wide) in paragraph at lines 801--802
 [] 
 []


LaTeX Warning: `h' float specifier changed to `ht'.

<Pictures/BWohnExtra.pdf, id=954, 578.16pt x 505.89pt>
File: Pictures/BWohnExtra.pdf Graphic file (type pdf)

<use Pictures/BWohnExtra.pdf>
Package pdftex.def Info: Pictures/BWohnExtra.pdf used on input line 809.
(pdftex.def)             Requested size: 462.52863pt x 404.71254pt.

Overfull \hbox (7.28452pt too wide) in paragraph at lines 809--810
 [] 
 []


LaTeX Warning: `h' float specifier changed to `ht'.

Package babel Info: Redefining ngerman shorthand "|
(babel)             in language  on input line 815.
Package babel Info: Redefining ngerman shorthand "~
(babel)             in language  on input line 815.
Package babel Info: Redefining ngerman shorthand "|
(babel)             in language  on input line 815.
Package babel Info: Redefining ngerman shorthand "~
(babel)             in language  on input line 815.
[34

 <./Pictures/BarData.pdf>]
Package babel Info: Redefining ngerman shorthand "|
(babel)             in language  on input line 815.
Package babel Info: Redefining ngerman shorthand "~
(babel)             in language  on input line 815.
Package babel Info: Redefining ngerman shorthand "|
(babel)             in language  on input line 815.
Package babel Info: Redefining ngerman shorthand "~
(babel)             in language  on input line 815.
 [35 <./Pictures/BWohn.pdf>]
Package babel Info: Redefining ngerman shorthand "|
(babel)             in language  on input line 815.
Package babel Info: Redefining ngerman shorthand "~
(babel)             in language  on input line 815.
Package babel Info: Redefining ngerman shorthand "|
(babel)             in language  on input line 815.
Package babel Info: Redefining ngerman shorthand "~
(babel)             in language  on input line 815.
 [36 <./Pictures/SWohn.pdf>]
Package babel Info: Redefining ngerman shorthand "|
(babel)             in language  on input line 815.
Package babel Info: Redefining ngerman shorthand "~
(babel)             in language  on input line 815.
Package babel Info: Redefining ngerman shorthand "|
(babel)             in language  on input line 815.
Package babel Info: Redefining ngerman shorthand "~
(babel)             in language  on input line 815.
 [37 <./Pictures/S21Extra.pdf>]
Package babel Info: Redefining ngerman shorthand "|
(babel)             in language  on input line 815.
Package babel Info: Redefining ngerman shorthand "~
(babel)             in language  on input line 815.
Package babel Info: Redefining ngerman shorthand "|
(babel)             in language  on input line 815.
Package babel Info: Redefining ngerman shorthand "~
(babel)             in language  on input line 815.
 [38 <./Pictures/BWohnExtra.pdf>]
Overfull \hbox (4.65564pt too wide) in paragraph at lines 822--869
 [][] 
 []


LaTeX Warning: `h' float specifier changed to `ht'.


Overfull \hbox (4.65564pt too wide) in paragraph at lines 876--924
 [][] 
 []


LaTeX Warning: `h' float specifier changed to `ht'.

Package babel Info: Redefining ngerman shorthand "|
(babel)             in language  on input line 982.
Package babel Info: Redefining ngerman shorthand "~
(babel)             in language  on input line 982.
Package babel Info: Redefining ngerman shorthand "|
(babel)             in language  on input line 982.
Package babel Info: Redefining ngerman shorthand "~
(babel)             in language  on input line 982.
[39]
Package babel Info: Redefining ngerman shorthand "|
(babel)             in language  on input line 982.
Package babel Info: Redefining ngerman shorthand "~
(babel)             in language  on input line 982.
Package babel Info: Redefining ngerman shorthand "|
(babel)             in language  on input line 982.
Package babel Info: Redefining ngerman shorthand "~
(babel)             in language  on input line 982.
 [40]
Package babel Info: Redefining ngerman shorthand "|
(babel)             in language  on input line 982.
Package babel Info: Redefining ngerman shorthand "~
(babel)             in language  on input line 982.
Package babel Info: Redefining ngerman shorthand "|
(babel)             in language  on input line 982.
Package babel Info: Redefining ngerman shorthand "~
(babel)             in language  on input line 982.
 [41]
Underfull \hbox (badness 10000) in paragraph at lines 989--1010

 []


Underfull \hbox (badness 10000) in paragraph at lines 989--1010

 []


Underfull \hbox (badness 10000) in paragraph at lines 989--1010

 []


Underfull \hbox (badness 10000) in paragraph at lines 989--1010

 []

Package babel Info: Redefining ngerman shorthand "|
(babel)             in language  on input line 1010.
Package babel Info: Redefining ngerman shorthand "~
(babel)             in language  on input line 1010.
Package babel Info: Redefining ngerman shorthand "|
(babel)             in language  on input line 1010.
Package babel Info: Redefining ngerman shorthand "~
(babel)             in language  on input line 1010.
[42


]
Package atveryend Info: Empty hook `BeforeClearDocument' on input line 1013.
Package atveryend Info: Empty hook `AfterLastShipout' on input line 1013.
 (./HAs.aux)
Package atveryend Info: Executing hook `AtVeryEndDocument' on input line 1013.
Package atveryend Info: Executing hook `AtEndAfterFileList' on input line 1013.

Package rerunfilecheck Info: File `HAs.out' has not changed.
(rerunfilecheck)             Checksum: E913DB7FA45FDBDEFFDB206C2DEC0D1E;1513.


LaTeX Warning: There were multiply-defined labels.

Package atveryend Info: Empty hook `AtVeryVeryEnd' on input line 1013.
 ) 
Here is how much of TeX's memory you used:
 18002 strings out of 494976
 308617 string characters out of 6179138
 422218 words of memory out of 5000000
 20682 multiletter control sequences out of 15000+600000
 13971 words of font info for 51 fonts, out of 8000000 for 9000
 14 hyphenation exceptions out of 8191
 63i,16n,75p,2896b,454s stack positions out of 5000i,500n,10000p,200000b,80000s
</usr/share/texlive/texmf-dist/fonts/type1/public/amsfonts/cm/cmbx10.pfb></us
r/share/texlive/texmf-dist/fonts/type1/public/amsfonts/cm/cmcsc10.pfb></usr/sha
re/texlive/texmf-dist/fonts/type1/public/amsfonts/cm/cmmi10.pfb></usr/share/tex
live/texmf-dist/fonts/type1/public/amsfonts/cm/cmmi6.pfb></usr/share/texlive/te
xmf-dist/fonts/type1/public/amsfonts/cm/cmmi8.pfb></usr/share/texlive/texmf-dis
t/fonts/type1/public/amsfonts/cm/cmmib10.pfb></usr/share/texlive/texmf-dist/fon
ts/type1/public/amsfonts/cm/cmr10.pfb></usr/share/texlive/texmf-dist/fonts/type
1/public/amsfonts/cm/cmr8.pfb></usr/share/texlive/texmf-dist/fonts/type1/public
/amsfonts/cm/cmr9.pfb></usr/share/texlive/texmf-dist/fonts/type1/public/amsfont
s/cm/cmsy10.pfb></usr/share/texlive/texmf-dist/fonts/type1/public/amsfonts/cm/c
msy8.pfb></usr/share/texlive/texmf-dist/fonts/type1/public/amsfonts/cm/cmti10.p
fb></usr/share/texlive/texmf-dist/fonts/type1/public/amsfonts/cm/cmtt10.pfb></u
sr/share/texlive/texmf-dist/fonts/type1/public/amsfonts/symbols/msbm10.pfb></us
r/share/texmf/fonts/type1/public/tex-gyre/qhvr.pfb>
Output written on HAs.pdf (46 pages, 13693146 bytes).
PDF statistics:
 1250 PDF objects out of 1440 (max. 8388607)
 1069 compressed objects within 11 object streams
 138 named destinations out of 1000 (max. 500000)
 320 words of extra memory for PDF output out of 10000 (max. 10000000)

